2021-03-11 17:38:57,444 INFO fs.TestDFSIO: TestDFSIO.1.8
2021-03-11 17:38:57,445 INFO fs.TestDFSIO: nrFiles = 10
2021-03-11 17:38:57,445 INFO fs.TestDFSIO: nrBytes (MB) = 512.0
2021-03-11 17:38:57,445 INFO fs.TestDFSIO: bufferSize = 1000000
2021-03-11 17:38:57,445 INFO fs.TestDFSIO: baseDir = /benchmarks/TestDFSIO
2021-03-11 17:38:57,883 INFO fs.TestDFSIO: creating control file: 536870912 bytes, 10 files
2021-03-11 17:38:57,993 INFO sasl.SaslDataTransferClient: SASL encryption trust check: localHostTrusted = false, remoteHostTrusted = false
2021-03-11 17:38:58,079 INFO sasl.SaslDataTransferClient: SASL encryption trust check: localHostTrusted = false, remoteHostTrusted = false
2021-03-11 17:38:58,501 INFO sasl.SaslDataTransferClient: SASL encryption trust check: localHostTrusted = false, remoteHostTrusted = false
2021-03-11 17:38:58,924 INFO sasl.SaslDataTransferClient: SASL encryption trust check: localHostTrusted = false, remoteHostTrusted = false
2021-03-11 17:38:59,352 INFO sasl.SaslDataTransferClient: SASL encryption trust check: localHostTrusted = false, remoteHostTrusted = false
2021-03-11 17:38:59,960 INFO sasl.SaslDataTransferClient: SASL encryption trust check: localHostTrusted = false, remoteHostTrusted = false
2021-03-11 17:38:59,991 INFO sasl.SaslDataTransferClient: SASL encryption trust check: localHostTrusted = false, remoteHostTrusted = false
2021-03-11 17:39:00,444 INFO sasl.SaslDataTransferClient: SASL encryption trust check: localHostTrusted = false, remoteHostTrusted = false
2021-03-11 17:39:00,478 INFO sasl.SaslDataTransferClient: SASL encryption trust check: localHostTrusted = false, remoteHostTrusted = false
2021-03-11 17:39:00,508 INFO sasl.SaslDataTransferClient: SASL encryption trust check: localHostTrusted = false, remoteHostTrusted = false
2021-03-11 17:39:00,928 INFO fs.TestDFSIO: created control files for: 10 files
2021-03-11 17:39:01,079 INFO client.RMProxy: Connecting to ResourceManager at resourcemanager/172.30.0.6:8032
2021-03-11 17:39:01,183 INFO client.AHSProxy: Connecting to Application History server at historyserver/172.30.0.4:10200
2021-03-11 17:39:01,204 INFO client.RMProxy: Connecting to ResourceManager at resourcemanager/172.30.0.6:8032
2021-03-11 17:39:01,204 INFO client.AHSProxy: Connecting to Application History server at historyserver/172.30.0.4:10200
2021-03-11 17:39:01,308 INFO mapreduce.JobResourceUploader: Disabling Erasure Coding for path: /tmp/hadoop-yarn/staging/root/.staging/job_1615484173562_0001
2021-03-11 17:39:01,355 INFO sasl.SaslDataTransferClient: SASL encryption trust check: localHostTrusted = false, remoteHostTrusted = false
2021-03-11 17:39:01,419 INFO mapred.FileInputFormat: Total input files to process : 10
2021-03-11 17:39:01,454 INFO sasl.SaslDataTransferClient: SASL encryption trust check: localHostTrusted = false, remoteHostTrusted = false
2021-03-11 17:39:01,487 INFO sasl.SaslDataTransferClient: SASL encryption trust check: localHostTrusted = false, remoteHostTrusted = false
2021-03-11 17:39:01,504 INFO mapreduce.JobSubmitter: number of splits:10
2021-03-11 17:39:01,636 INFO sasl.SaslDataTransferClient: SASL encryption trust check: localHostTrusted = false, remoteHostTrusted = false
2021-03-11 17:39:01,651 INFO mapreduce.JobSubmitter: Submitting tokens for job: job_1615484173562_0001
2021-03-11 17:39:01,652 INFO mapreduce.JobSubmitter: Executing with tokens: []
2021-03-11 17:39:01,761 INFO conf.Configuration: resource-types.xml not found
2021-03-11 17:39:01,761 INFO resource.ResourceUtils: Unable to find 'resource-types.xml'.
2021-03-11 17:39:02,422 INFO impl.YarnClientImpl: Submitted application application_1615484173562_0001
2021-03-11 17:39:02,443 INFO mapreduce.Job: The url to track the job: http://resourcemanager:8088/proxy/application_1615484173562_0001/
2021-03-11 17:39:02,444 INFO mapreduce.Job: Running job: job_1615484173562_0001
2021-03-11 17:46:23,122 INFO mapreduce.Job: Job job_1615484173562_0001 running in uber mode : false
2021-03-11 17:46:23,125 INFO mapreduce.Job:  map 0% reduce 0%
2021-03-11 17:46:29,189 INFO mapreduce.Job:  map 10% reduce 0%
2021-03-11 17:46:30,198 INFO mapreduce.Job:  map 20% reduce 0%
2021-03-11 17:46:33,215 INFO mapreduce.Job:  map 30% reduce 0%
2021-03-11 17:46:38,240 INFO mapreduce.Job:  map 40% reduce 0%
2021-03-11 17:46:40,262 INFO mapreduce.Job:  map 50% reduce 0%
2021-03-11 17:46:50,324 INFO mapreduce.Job:  map 57% reduce 0%
2021-03-11 17:46:52,342 INFO mapreduce.Job:  map 60% reduce 0%
2021-03-11 17:46:54,355 INFO mapreduce.Job:  map 67% reduce 0%
2021-03-11 17:46:56,364 INFO mapreduce.Job:  map 73% reduce 0%
2021-03-11 17:47:01,398 INFO mapreduce.Job:  map 77% reduce 0%
2021-03-11 17:47:04,411 INFO mapreduce.Job:  map 80% reduce 0%
2021-03-11 17:47:08,432 INFO mapreduce.Job:  map 87% reduce 0%
2021-03-11 17:47:13,458 INFO mapreduce.Job:  map 90% reduce 0%
2021-03-11 17:47:17,478 INFO mapreduce.Job:  map 97% reduce 0%
2021-03-11 17:47:18,481 INFO mapreduce.Job:  map 100% reduce 0%
2021-03-11 17:47:20,494 INFO mapreduce.Job:  map 100% reduce 100%
2021-03-11 17:47:28,547 INFO mapreduce.Job: Job job_1615484173562_0001 completed successfully
2021-03-11 17:47:28,617 INFO mapreduce.Job: Counters: 54
	File System Counters
		FILE: Number of bytes read=292
		FILE: Number of bytes written=2527151
		FILE: Number of read operations=0
		FILE: Number of large read operations=0
		FILE: Number of write operations=0
		HDFS: Number of bytes read=2340
		HDFS: Number of bytes written=5368709200
		HDFS: Number of read operations=45
		HDFS: Number of large read operations=0
		HDFS: Number of write operations=12
		HDFS: Number of bytes read erasure-coded=0
	Job Counters 
		Launched map tasks=10
		Launched reduce tasks=1
		Rack-local map tasks=10
		Total time spent by all maps in occupied slots (ms)=461208
		Total time spent by all reduces in occupied slots (ms)=40192
		Total time spent by all map tasks (ms)=115302
		Total time spent by all reduce tasks (ms)=5024
		Total vcore-milliseconds taken by all map tasks=115302
		Total vcore-milliseconds taken by all reduce tasks=5024
		Total megabyte-milliseconds taken by all map tasks=472276992
		Total megabyte-milliseconds taken by all reduce tasks=41156608
	Map-Reduce Framework
		Map input records=10
		Map output records=50
		Map output bytes=758
		Map output materialized bytes=940
		Input split bytes=1220
		Combine input records=0
		Combine output records=0
		Reduce input groups=5
		Reduce shuffle bytes=940
		Reduce input records=50
		Reduce output records=5
		Spilled Records=100
		Shuffled Maps =10
		Failed Shuffles=0
		Merged Map outputs=10
		GC time elapsed (ms)=639
		CPU time spent (ms)=43590
		Physical memory (bytes) snapshot=4381175808
		Virtual memory (bytes) snapshot=59573456896
		Total committed heap usage (bytes)=4883742720
		Peak Map Physical memory (bytes)=500183040
		Peak Map Virtual memory (bytes)=5126967296
		Peak Reduce Physical memory (bytes)=188182528
		Peak Reduce Virtual memory (bytes)=8450875392
	Shuffle Errors
		BAD_ID=0
		CONNECTION=0
		IO_ERROR=0
		WRONG_LENGTH=0
		WRONG_MAP=0
		WRONG_REDUCE=0
	File Input Format Counters 
		Bytes Read=1120
	File Output Format Counters 
		Bytes Written=80
2021-03-11 17:47:28,644 INFO sasl.SaslDataTransferClient: SASL encryption trust check: localHostTrusted = false, remoteHostTrusted = false
2021-03-11 17:47:28,658 INFO fs.TestDFSIO: ----- TestDFSIO ----- : write
2021-03-11 17:47:28,659 INFO fs.TestDFSIO:             Date & time: Thu Mar 11 17:47:28 UTC 2021
2021-03-11 17:47:28,659 INFO fs.TestDFSIO:         Number of files: 10
2021-03-11 17:47:28,659 INFO fs.TestDFSIO:  Total MBytes processed: 5120
2021-03-11 17:47:28,659 INFO fs.TestDFSIO:       Throughput mb/sec: 53.7
2021-03-11 17:47:28,659 INFO fs.TestDFSIO:  Average IO rate mb/sec: 159.96
2021-03-11 17:47:28,659 INFO fs.TestDFSIO:   IO rate std deviation: 194.65
2021-03-11 17:47:28,659 INFO fs.TestDFSIO:      Test exec time sec: 507.69
2021-03-11 17:47:28,659 INFO fs.TestDFSIO: 
